<?xml version="1.0" encoding="UTF-8"?>
<testng-results skipped="0" failed="0" total="1" passed="1">
  <reporter-output>
  </reporter-output>
  <suite name="Login Tests" duration-ms="12888" started-at="2018-06-18T07:35:16Z" finished-at="2018-06-18T07:35:29Z">
    <groups>
      <group name="p1">
        <method signature="LoginTest.testLoginMainPage()[pri:0, instance:com.facebook.test.LoginTest@51efea79]" name="testLoginMainPage" class="com.facebook.test.LoginTest"/>
      </group> <!-- p1 -->
    </groups>
    <test name="P1 Test" duration-ms="12888" started-at="2018-06-18T07:35:16Z" finished-at="2018-06-18T07:35:29Z">
      <class name="com.facebook.test.LoginTest">
        <test-method status="PASS" signature="setup()[pri:0, instance:com.facebook.test.LoginTest@51efea79]" name="setup" is-config="true" duration-ms="2944" started-at="2018-06-18T09:35:16Z" finished-at="2018-06-18T09:35:19Z">
          <reporter-output>
          </reporter-output>
        </test-method> <!-- setup -->
        <test-method status="PASS" signature="testLoginMainPage()[pri:0, instance:com.facebook.test.LoginTest@51efea79]" name="testLoginMainPage" duration-ms="7606" started-at="2018-06-18T09:35:19Z" finished-at="2018-06-18T09:35:27Z">
          <reporter-output>
          </reporter-output>
        </test-method> <!-- testLoginMainPage -->
        <test-method status="PASS" signature="tearDown()[pri:0, instance:com.facebook.test.LoginTest@51efea79]" name="tearDown" is-config="true" duration-ms="2322" started-at="2018-06-18T09:35:27Z" finished-at="2018-06-18T09:35:29Z">
          <reporter-output>
          </reporter-output>
        </test-method> <!-- tearDown -->
      </class> <!-- com.facebook.test.LoginTest -->
    </test> <!-- P1 Test -->
  </suite> <!-- Login Tests -->
</testng-results>
