<?xml version="1.0" encoding="UTF-8"?>
<testng-results skipped="0" failed="0" total="2" passed="2">
  <reporter-output>
  </reporter-output>
  <suite name="Login Tests" duration-ms="13462" started-at="2018-06-17T23:51:58Z" finished-at="2018-06-17T23:52:11Z">
    <groups>
      <group name="p1">
        <method signature="LoginTest.loadPage()[pri:0, instance:com.facebook.test.LoginTest@396a51ab]" name="loadPage" class="com.facebook.test.LoginTest"/>
        <method signature="LoginTest.testLoginMainPage()[pri:0, instance:com.facebook.test.LoginTest@396a51ab]" name="testLoginMainPage" class="com.facebook.test.LoginTest"/>
      </group> <!-- p1 -->
    </groups>
    <test name="P1 Test" duration-ms="13462" started-at="2018-06-17T23:51:58Z" finished-at="2018-06-17T23:52:11Z">
      <class name="com.facebook.test.LoginTest">
        <test-method status="PASS" signature="setup()[pri:0, instance:com.facebook.test.LoginTest@396a51ab]" name="setup" is-config="true" duration-ms="2947" started-at="2018-06-18T01:51:58Z" finished-at="2018-06-18T01:52:01Z">
          <reporter-output>
          </reporter-output>
        </test-method> <!-- setup -->
        <test-method status="PASS" signature="loadPage()[pri:0, instance:com.facebook.test.LoginTest@396a51ab]" name="loadPage" duration-ms="2758" started-at="2018-06-18T01:52:01Z" finished-at="2018-06-18T01:52:04Z">
          <reporter-output>
          </reporter-output>
        </test-method> <!-- loadPage -->
        <test-method status="PASS" signature="testLoginMainPage()[pri:0, instance:com.facebook.test.LoginTest@396a51ab]" name="testLoginMainPage" duration-ms="5626" started-at="2018-06-18T01:52:04Z" finished-at="2018-06-18T01:52:09Z">
          <reporter-output>
          </reporter-output>
        </test-method> <!-- testLoginMainPage -->
        <test-method status="PASS" signature="tearDown()[pri:0, instance:com.facebook.test.LoginTest@396a51ab]" name="tearDown" is-config="true" duration-ms="2113" started-at="2018-06-18T01:52:09Z" finished-at="2018-06-18T01:52:11Z">
          <reporter-output>
          </reporter-output>
        </test-method> <!-- tearDown -->
      </class> <!-- com.facebook.test.LoginTest -->
    </test> <!-- P1 Test -->
  </suite> <!-- Login Tests -->
</testng-results>
